<?xml version="1.0" encoding="UTF-8"?>
<!-- Generated by org.testng.reporters.JUnitReportReporter -->
<testsuite skipped="0" hostname="MININT-NKCFC3O" name="FMSeleniumMavenJenkins.FMSeleniumMavenJenkins.TestCases_WebApp" tests="1" failures="0" timestamp="19 Dec 2018 17:57:28 GMT" time="66.462" errors="0">
  <testcase name="tc_verifyTitle" time="66.462" classname="FMSeleniumMavenJenkins.FMSeleniumMavenJenkins.TestCases_WebApp"/>
</testsuite> <!-- FMSeleniumMavenJenkins.FMSeleniumMavenJenkins.TestCases_WebApp -->
