<?xml version="1.0" encoding="UTF-8"?>
<!-- Generated by org.testng.reporters.JUnitReportReporter -->
<testsuite skipped="0" hostname="MININT-NKCFC3O" name="FMSeleniumMavenTest.FMSeleniumMavenTest.TestNgMave" tests="1" failures="0" timestamp="19 Dec 2018 15:28:34 GMT" time="0.016" errors="0">
  <testcase name="testng" time="0.016" classname="FMSeleniumMavenTest.FMSeleniumMavenTest.TestNgMave"/>
</testsuite> <!-- FMSeleniumMavenTest.FMSeleniumMavenTest.TestNgMave -->
