<?xml version="1.0" encoding="UTF-8"?>
<!-- Generated by org.testng.reporters.JUnitReportReporter -->
<testsuite skipped="0" hostname="MININT-NKCFC3O" name="FMSeleniumMavenJenkins.FMSeleniumMavenJenkins.TestCases_WebApp" tests="1" failures="0" timestamp="20 Dec 2018 18:38:23 GMT" time="61.857" errors="0">
  <testcase name="tc_verifyTitle" time="61.857" classname="FMSeleniumMavenJenkins.FMSeleniumMavenJenkins.TestCases_WebApp"/>
</testsuite> <!-- FMSeleniumMavenJenkins.FMSeleniumMavenJenkins.TestCases_WebApp -->
