<?xml version="1.0" encoding="UTF-8"?>
<!-- Generated by org.testng.reporters.JUnitReportReporter -->
<testsuite skipped="0" hostname="MININT-NKCFC3O" name="FMSeleniumMavenJenkins.FMSeleniumMavenJenkins.TestCases_TestNGDemo" tests="1" failures="0" timestamp="19 Dec 2018 15:02:37 GMT" time="0.000" errors="0">
  <testcase name="tc_verifyTitle1" time="0.000" classname="FMSeleniumMavenJenkins.FMSeleniumMavenJenkins.TestCases_TestNGDemo"/>
</testsuite> <!-- FMSeleniumMavenJenkins.FMSeleniumMavenJenkins.TestCases_TestNGDemo -->
