<?xml version="1.0" encoding="UTF-8"?>
<!-- Generated by org.testng.reporters.JUnitReportReporter -->
<testsuite skipped="0" hostname="MININT-NKCFC3O" name="com.training.sdetday6.TestNGnew" tests="4" failures="0" timestamp="17 Dec 2018 21:34:30 GMT" time="0.018" errors="0">
  <testcase name="login" time="0.006" classname="com.training.sdetday6.TestNGnew"/>
  <testcase name="search" time="0.003" classname="com.training.sdetday6.TestNGnew"/>
  <testcase name="addcart" time="0.004" classname="com.training.sdetday6.TestNGnew"/>
  <testcase name="payment" time="0.005" classname="com.training.sdetday6.TestNGnew"/>
</testsuite> <!-- com.training.sdetday6.TestNGnew -->
