<?xml version="1.0" encoding="UTF-8"?>
<!-- Generated by org.testng.reporters.JUnitReportReporter -->
<testsuite skipped="0" hostname="MININT-NKCFC3O" name="com.training.sdetday7.useDataFromTestNG" tests="3" failures="0" timestamp="18 Dec 2018 21:21:29 GMT" time="0.022" errors="0">
  <testcase name="tc_useDataFromTestNG" time="0.009" classname="com.training.sdetday7.useDataFromTestNG"/>
  <testcase name="tc_useDataFromTestNG" time="0.007" classname="com.training.sdetday7.useDataFromTestNG"/>
  <testcase name="tc_useDataFromTestNG" time="0.006" classname="com.training.sdetday7.useDataFromTestNG"/>
</testsuite> <!-- com.training.sdetday7.useDataFromTestNG -->
