<?xml version="1.0" encoding="UTF-8"?>
<!-- Generated by org.testng.reporters.JUnitReportReporter -->
<testsuite skipped="0" hostname="MININT-NKCFC3O" name="com.training.sdetday7.C_17_4e_TestNG_DataProvider" tests="4" failures="0" timestamp="19 Dec 2018 19:59:26 GMT" time="67.381" errors="0">
  <testcase name="tc_shoppingCartTesting" time="19.898" classname="com.training.sdetday7.C_17_4e_TestNG_DataProvider"/>
  <testcase name="tc_shoppingCartTesting" time="11.934" classname="com.training.sdetday7.C_17_4e_TestNG_DataProvider"/>
  <testcase name="tc_shoppingCartTesting" time="15.004" classname="com.training.sdetday7.C_17_4e_TestNG_DataProvider"/>
  <testcase name="tc_shoppingCartTesting" time="20.545" classname="com.training.sdetday7.C_17_4e_TestNG_DataProvider"/>
</testsuite> <!-- com.training.sdetday7.C_17_4e_TestNG_DataProvider -->
