<?xml version="1.0" encoding="UTF-8"?>
<!-- Generated by org.testng.reporters.JUnitReportReporter -->
<testsuite skipped="0" hostname="MININT-NKCFC3O" name="com.training.sdetday6.TestNGDemo" tests="2" failures="0" timestamp="17 Dec 2018 21:12:39 GMT" time="0.010" errors="0">
  <testcase name="f2" time="0.003" classname="com.training.sdetday6.TestNGDemo"/>
  <testcase name="f1" time="0.007" classname="com.training.sdetday6.TestNGDemo"/>
</testsuite> <!-- com.training.sdetday6.TestNGDemo -->
