<?xml version="1.0" encoding="UTF-8"?>
<!-- Generated by org.testng.reporters.JUnitReportReporter -->
<testsuite skipped="0" hostname="MININT-NKCFC3O" name="com.training.sdetday7.DBConnTest" tests="1" failures="0" timestamp="20 Dec 2018 20:51:06 GMT" time="0.950" errors="0">
  <testcase name="tc_Login" time="0.950" classname="com.training.sdetday7.DBConnTest"/>
</testsuite> <!-- com.training.sdetday7.DBConnTest -->
