<?xml version="1.0" encoding="UTF-8"?>
<!-- Generated by org.testng.reporters.JUnitReportReporter -->
<testsuite skipped="0" hostname="MININT-NKCFC3O" name="POM_FMHerndonSMJ.com.fm.pageobjectmodel.DriverScript" tests="1" failures="0" timestamp="19 Dec 2018 22:04:42 GMT" time="8.429" errors="0">
  <testcase name="tc_End2EndShoppingCart" time="8.429" classname="POM_FMHerndonSMJ.com.fm.pageobjectmodel.DriverScript"/>
</testsuite> <!-- POM_FMHerndonSMJ.com.fm.pageobjectmodel.DriverScript -->
