<?xml version="1.0" encoding="UTF-8"?>
<!-- Generated by org.testng.reporters.JUnitReportReporter -->
<testsuite skipped="0" hostname="MININT-NKCFC3O" name="CucumberLearning.CucumberLearning.TestRunner" tests="1" failures="0" timestamp="21 Dec 2018 17:45:57 GMT" time="34.438" errors="0">
  <testcase name="feature" time="34.438" classname="CucumberLearning.CucumberLearning.TestRunner"/>
</testsuite> <!-- CucumberLearning.CucumberLearning.TestRunner -->
